c:\users\administrator\desktop\rysigy\new\build_dll\check_repository\check_repository\x64\release\repository_operation.pch
c:\users\administrator\desktop\rysigy\new\build_dll\check_repository\check_repository\x64\release\vc143.pdb
c:\users\administrator\desktop\rysigy\new\build_dll\check_repository\check_repository\x64\release\pch.obj
c:\users\administrator\desktop\rysigy\new\build_dll\check_repository\check_repository\x64\release\dllmain.obj
c:\users\administrator\desktop\rysigy\new\build_dll\check_repository\check_repository\x64\release\repository_operation.obj
c:\users\administrator\desktop\rysigy\new\build_dll\check_repository\x64\release\repository_operation.dll
c:\users\administrator\desktop\rysigy\new\build_dll\check_repository\check_repository\x64\release\repository_operation.ipdb
c:\users\administrator\desktop\rysigy\new\build_dll\check_repository\x64\release\repository_operation.pdb
c:\users\administrator\desktop\rysigy\new\build_dll\check_repository\check_repository\x64\release\repository_operation.iobj
c:\users\administrator\desktop\rysigy\new\build_dll\check_repository\x64\release\repository_operation.lib
c:\users\administrator\desktop\rysigy\new\build_dll\check_repository\x64\release\repository_operation.exp
c:\users\administrator\desktop\rysigy\new\build_dll\check_repository\check_repository\x64\release\check_repository.ipdb
c:\users\administrator\desktop\rysigy\new\build_dll\check_repository\check_repository\x64\release\check_repository.iobj
c:\users\administrator\desktop\rysigy\new\build_dll\check_repository\check_repository\x64\release\check_repository.pch
c:\users\administrator\desktop\rysigy\new\build_dll\check_repository\check_repository\x64\release\reposito.7c0af722.tlog\cl.command.1.tlog
c:\users\administrator\desktop\rysigy\new\build_dll\check_repository\check_repository\x64\release\reposito.7c0af722.tlog\cl.items.tlog
c:\users\administrator\desktop\rysigy\new\build_dll\check_repository\check_repository\x64\release\reposito.7c0af722.tlog\cl.read.1.tlog
c:\users\administrator\desktop\rysigy\new\build_dll\check_repository\check_repository\x64\release\reposito.7c0af722.tlog\cl.write.1.tlog
c:\users\administrator\desktop\rysigy\new\build_dll\check_repository\check_repository\x64\release\reposito.7c0af722.tlog\link.command.1.tlog
c:\users\administrator\desktop\rysigy\new\build_dll\check_repository\check_repository\x64\release\reposito.7c0af722.tlog\link.read.1.tlog
c:\users\administrator\desktop\rysigy\new\build_dll\check_repository\check_repository\x64\release\reposito.7c0af722.tlog\link.write.1.tlog
c:\users\administrator\desktop\rysigy\new\build_dll\check_repository\check_repository\x64\release\reposito.7c0af722.tlog\link.write.2u.tlog
