c:\users\administrator\desktop\rysigy\new\build_dll\get_info\get_info\x64\release\get_info.pch
c:\users\administrator\desktop\rysigy\new\build_dll\get_info\get_info\x64\release\vc143.pdb
c:\users\administrator\desktop\rysigy\new\build_dll\get_info\get_info\x64\release\pch.obj
c:\users\administrator\desktop\rysigy\new\build_dll\get_info\get_info\x64\release\sha256.obj
c:\users\administrator\desktop\rysigy\new\build_dll\get_info\get_info\x64\release\get_info.obj
c:\users\administrator\desktop\rysigy\new\build_dll\get_info\get_info\x64\release\dllmain.obj
c:\users\administrator\desktop\rysigy\new\build_dll\get_info\x64\release\get_info.lib
c:\users\administrator\desktop\rysigy\new\build_dll\get_info\x64\release\get_info.exp
c:\users\administrator\desktop\rysigy\new\build_dll\get_info\x64\release\get_info.dll
c:\users\administrator\desktop\rysigy\new\build_dll\get_info\x64\release\get_info.pdb
c:\users\administrator\desktop\rysigy\new\build_dll\get_info\get_info\x64\release\get_info.iobj
c:\users\administrator\desktop\rysigy\new\build_dll\get_info\get_info\x64\release\get_info.ipdb
c:\users\administrator\desktop\rysigy\new\build_dll\get_info\get_info\x64\release\get_info.tlog\cl.command.1.tlog
c:\users\administrator\desktop\rysigy\new\build_dll\get_info\get_info\x64\release\get_info.tlog\cl.items.tlog
c:\users\administrator\desktop\rysigy\new\build_dll\get_info\get_info\x64\release\get_info.tlog\cl.read.1.tlog
c:\users\administrator\desktop\rysigy\new\build_dll\get_info\get_info\x64\release\get_info.tlog\cl.write.1.tlog
c:\users\administrator\desktop\rysigy\new\build_dll\get_info\get_info\x64\release\get_info.tlog\link.command.1.tlog
c:\users\administrator\desktop\rysigy\new\build_dll\get_info\get_info\x64\release\get_info.tlog\link.read.1.tlog
c:\users\administrator\desktop\rysigy\new\build_dll\get_info\get_info\x64\release\get_info.tlog\link.write.1.tlog
c:\users\administrator\desktop\rysigy\new\build_dll\get_info\get_info\x64\release\get_info.tlog\link.write.2u.tlog
